================================================
FECHA Y HORA: Mon Jan 26 22:08:53 2026
PARAMETROS UTILIZADOS:
 - URL Semilla: https://uneg.edu.ve
 - Profundidad: 3
METRICAS OBTENIDAS:
 - Nodos (Paginas): 225
 - Aristas (Enlaces): 8265
 - Densidad (Promedio): 36.7333 enlaces/pag
 - Nodo Critico: https://uneg.edu.ve/reglamentos (110 hijos)
================================================

================================================
FECHA Y HORA: Tue Jan 27 21:15:49 2026
PARAMETROS UTILIZADOS:
 - URL Semilla: https://wwww.youtube.com
 - Profundidad: 3
METRICAS OBTENIDAS:
 - Nodos (Paginas): 0
 - Aristas (Enlaces): 0
 - Densidad (Promedio): 0 enlaces/pag
 - Nodo Critico:  (0 hijos)
================================================

[20260127_213220] SEMILLA: https://facebook.com | PROF: 3 | NODOS: 219 | ENLACES: 5581
[20260128_182936] SEMILLA: https://uneg.edu.ve | PROF: 3 | NODOS: 337 | ENLACES: 707
